# JRE version: OpenJDK Runtime Environment Temurin-17.0.8.1+1 (17.0.8.1+1) (build 17.0.8.1+1)
# Java VM: OpenJDK 64-Bit Server VM Temurin-17.0.8.1+1 (17.0.8.1+1, mixed mode, emulated-client, tiered, compressed oops, compressed class ptrs, g1 gc, windows-amd64)
GC Precious Log:
 CPUs: 8 total, 8 available
 Memory: 7959M
 Large Page Support: Disabled
 NUMA Support: Disabled
 Compressed Oops: Enabled (32-bit)
 Heap Region Size: 1M
 Heap Min Capacity: 8M
 Heap Initial Capacity: 126M
 Heap Max Capacity: 1G
 Pre-touch: Disabled
 Parallel Workers: 8
 Concurrent Workers: 2
 Concurrent Refinement Workers: 8
 Periodic GC: Disabled
Heap:
 garbage-first heap   total 73728K, used 25343K [0x00000000c0000000, 0x0000000100000000)
  region size 1024K, 1 young (1024K), 0 survivors (0K)
 Metaspace       used 55828K, committed 56256K, reserved 1114112K
  class space    used 7115K, committed 7296K, reserved 1048576K
GC Heap History (20 events):
Event: 4999.396 GC heap before
{Heap before GC invocations=204 (full 179):
 garbage-first heap   total 73728K, used 28962K [0x00000000c0000000, 0x0000000100000000)
  region size 1024K, 1 young (1024K), 0 survivors (0K)
 Metaspace       used 55517K, committed 56000K, reserved 1114112K
  class space    used 7054K, committed 7296K, reserved 1048576K
}
Event: 4999.417 GC heap after
{Heap after GC invocations=205 (full 180):
 garbage-first heap   total 73728K, used 28962K [0x00000000c0000000, 0x0000000100000000)
  region size 1024K, 0 young (0K), 0 survivors (0K)
 Metaspace       used 55517K, committed 56000K, reserved 1114112K
  class space    used 7054K, committed 7296K, reserved 1048576K
}
Event: 5009.533 GC heap before
{Heap before GC invocations=205 (full 180):
 garbage-first heap   total 73728K, used 28962K [0x00000000c0000000, 0x0000000100000000)
  region size 1024K, 1 young (1024K), 0 survivors (0K)
 Metaspace       used 55517K, committed 56000K, reserved 1114112K
  class space    used 7054K, committed 7296K, reserved 1048576K
}
Event: 5009.555 GC heap after
{Heap after GC invocations=206 (full 181):
 garbage-first heap   total 73728K, used 28962K [0x00000000c0000000, 0x0000000100000000)
  region size 1024K, 0 young (0K), 0 survivors (0K)
 Metaspace       used 55517K, committed 56000K, reserved 1114112K
  class space    used 7054K, committed 7296K, reserved 1048576K
}
Event: 5019.669 GC heap before
{Heap before GC invocations=206 (full 181):
 garbage-first heap   total 73728K, used 28962K [0x00000000c0000000, 0x0000000100000000)
  region size 1024K, 1 young (1024K), 0 survivors (0K)
 Metaspace       used 55517K, committed 56000K, reserved 1114112K
  class space    used 7054K, committed 7296K, reserved 1048576K
}
Event: 5019.691 GC heap after
{Heap after GC invocations=207 (full 182):
 garbage-first heap   total 73728K, used 28961K [0x00000000c0000000, 0x0000000100000000)
  region size 1024K, 0 young (0K), 0 survivors (0K)
 Metaspace       used 55517K, committed 56000K, reserved 1114112K
  class space    used 7054K, committed 7296K, reserved 1048576K
}
Event: 5029.796 GC heap before
{Heap before GC invocations=207 (full 182):
 garbage-first heap   total 73728K, used 28961K [0x00000000c0000000, 0x0000000100000000)
  region size 1024K, 1 young (1024K), 0 survivors (0K)
 Metaspace       used 55517K, committed 56000K, reserved 1114112K
  class space    used 7054K, committed 7296K, reserved 1048576K
}
Event: 5029.818 GC heap after
{Heap after GC invocations=208 (full 183):
 garbage-first heap   total 73728K, used 28961K [0x00000000c0000000, 0x0000000100000000)
  region size 1024K, 0 young (0K), 0 survivors (0K)
 Metaspace       used 55517K, committed 56000K, reserved 1114112K
  class space    used 7054K, committed 7296K, reserved 1048576K
}
Event: 5039.928 GC heap before
{Heap before GC invocations=208 (full 183):
 garbage-first heap   total 73728K, used 28961K [0x00000000c0000000, 0x0000000100000000)
  region size 1024K, 1 young (1024K), 0 survivors (0K)
 Metaspace       used 55517K, committed 56000K, reserved 1114112K
  class space    used 7054K, committed 7296K, reserved 1048576K
}
Event: 5039.950 GC heap after
{Heap after GC invocations=209 (full 184):
 garbage-first heap   total 73728K, used 28961K [0x00000000c0000000, 0x0000000100000000)
  region size 1024K, 0 young (0K), 0 survivors (0K)
 Metaspace       used 55517K, committed 56000K, reserved 1114112K
  class space    used 7054K, committed 7296K, reserved 1048576K
}
Event: 5050.053 GC heap before
{Heap before GC invocations=209 (full 184):
 garbage-first heap   total 73728K, used 28961K [0x00000000c0000000, 0x0000000100000000)
  region size 1024K, 1 young (1024K), 0 survivors (0K)
 Metaspace       used 55517K, committed 56000K, reserved 1114112K
  class space    used 7054K, committed 7296K, reserved 1048576K
}
Event: 5050.076 GC heap after
{Heap after GC invocations=210 (full 185):
 garbage-first heap   total 73728K, used 28961K [0x00000000c0000000, 0x0000000100000000)
  region size 1024K, 0 young (0K), 0 survivors (0K)
 Metaspace       used 55517K, committed 56000K, reserved 1114112K
  class space    used 7054K, committed 7296K, reserved 1048576K
}
Event: 5060.186 GC heap before
{Heap before GC invocations=210 (full 185):
 garbage-first heap   total 73728K, used 28961K [0x00000000c0000000, 0x0000000100000000)
  region size 1024K, 1 young (1024K), 0 survivors (0K)
 Metaspace       used 55517K, committed 56000K, reserved 1114112K
  class space    used 7054K, committed 7296K, reserved 1048576K
}
Event: 5060.210 GC heap after
{Heap after GC invocations=211 (full 186):
 garbage-first heap   total 73728K, used 28961K [0x00000000c0000000, 0x0000000100000000)
  region size 1024K, 0 young (0K), 0 survivors (0K)
 Metaspace       used 55517K, committed 56000K, reserved 1114112K
  class space    used 7054K, committed 7296K, reserved 1048576K
}
Event: 5063.255 GC heap before
{Heap before GC invocations=211 (full 186):
 garbage-first heap   total 73728K, used 54561K [0x00000000c0000000, 0x0000000100000000)
  region size 1024K, 25 young (25600K), 0 survivors (0K)
 Metaspace       used 55707K, committed 56128K, reserved 1114112K
  class space    used 7090K, committed 7296K, reserved 1048576K
}
Event: 5063.258 GC heap after
{Heap after GC invocations=212 (full 186):
 garbage-first heap   total 73728K, used 32816K [0x00000000c0000000, 0x0000000100000000)
  region size 1024K, 4 young (4096K), 4 survivors (4096K)
 Metaspace       used 55707K, committed 56128K, reserved 1114112K
  class space    used 7090K, committed 7296K, reserved 1048576K
}
Event: 5100.348 GC heap before
{Heap before GC invocations=212 (full 186):
 garbage-first heap   total 73728K, used 41008K [0x00000000c0000000, 0x0000000100000000)
  region size 1024K, 13 young (13312K), 4 survivors (4096K)
 Metaspace       used 55828K, committed 56256K, reserved 1114112K
  class space    used 7115K, committed 7296K, reserved 1048576K
}
Event: 5100.366 GC heap after
{Heap after GC invocations=213 (full 187):
 garbage-first heap   total 73728K, used 29974K [0x00000000c0000000, 0x0000000100000000)
  region size 1024K, 0 young (0K), 0 survivors (0K)
 Metaspace       used 55828K, committed 56256K, reserved 1114112K
  class space    used 7115K, committed 7296K, reserved 1048576K
}
Event: 5110.484 GC heap before
{Heap before GC invocations=213 (full 187):
 garbage-first heap   total 73728K, used 29974K [0x00000000c0000000, 0x0000000100000000)
  region size 1024K, 1 young (1024K), 0 survivors (0K)
 Metaspace       used 55828K, committed 56256K, reserved 1114112K
  class space    used 7115K, committed 7296K, reserved 1048576K
}
Event: 5110.508 GC heap after
{Heap after GC invocations=214 (full 188):
 garbage-first heap   total 73728K, used 25343K [0x00000000c0000000, 0x0000000100000000)
  region size 1024K, 0 young (0K), 0 survivors (0K)
 Metaspace       used 55828K, committed 56256K, reserved 1114112K
  class space    used 7115K, committed 7296K, reserved 1048576K
}

