# JRE version: OpenJDK Runtime Environment Temurin-17.0.8.1+1 (17.0.8.1+1) (build 17.0.8.1+1)
# Java VM: OpenJDK 64-Bit Server VM Temurin-17.0.8.1+1 (17.0.8.1+1, mixed mode, emulated-client, tiered, compressed oops, compressed class ptrs, g1 gc, windows-amd64)
GC Precious Log:
 CPUs: 8 total, 8 available
 Memory: 7959M
 Large Page Support: Disabled
 NUMA Support: Disabled
 Compressed Oops: Enabled (32-bit)
 Heap Region Size: 1M
 Heap Min Capacity: 8M
 Heap Initial Capacity: 126M
 Heap Max Capacity: 1G
 Pre-touch: Disabled
 Parallel Workers: 8
 Concurrent Workers: 2
 Concurrent Refinement Workers: 8
 Periodic GC: Disabled
Heap:
 garbage-first heap   total 75776K, used 28783K [0x00000000c0000000, 0x0000000100000000)
  region size 1024K, 1 young (1024K), 0 survivors (0K)
 Metaspace       used 55307K, committed 55936K, reserved 1114112K
  class space    used 7026K, committed 7296K, reserved 1048576K
GC Heap History (20 events):
Event: 8255.174 GC heap before
{Heap before GC invocations=464 (full 447):
 garbage-first heap   total 75776K, used 28783K [0x00000000c0000000, 0x0000000100000000)
  region size 1024K, 1 young (1024K), 0 survivors (0K)
 Metaspace       used 55307K, committed 55936K, reserved 1114112K
  class space    used 7026K, committed 7296K, reserved 1048576K
}
Event: 8255.198 GC heap after
{Heap after GC invocations=465 (full 448):
 garbage-first heap   total 75776K, used 28783K [0x00000000c0000000, 0x0000000100000000)
  region size 1024K, 0 young (0K), 0 survivors (0K)
 Metaspace       used 55307K, committed 55936K, reserved 1114112K
  class space    used 7026K, committed 7296K, reserved 1048576K
}
Event: 8265.352 GC heap before
{Heap before GC invocations=465 (full 448):
 garbage-first heap   total 75776K, used 28783K [0x00000000c0000000, 0x0000000100000000)
  region size 1024K, 1 young (1024K), 0 survivors (0K)
 Metaspace       used 55307K, committed 55936K, reserved 1114112K
  class space    used 7026K, committed 7296K, reserved 1048576K
}
Event: 8265.376 GC heap after
{Heap after GC invocations=466 (full 449):
 garbage-first heap   total 75776K, used 28783K [0x00000000c0000000, 0x0000000100000000)
  region size 1024K, 0 young (0K), 0 survivors (0K)
 Metaspace       used 55307K, committed 55936K, reserved 1114112K
  class space    used 7026K, committed 7296K, reserved 1048576K
}
Event: 8275.523 GC heap before
{Heap before GC invocations=466 (full 449):
 garbage-first heap   total 75776K, used 28783K [0x00000000c0000000, 0x0000000100000000)
  region size 1024K, 1 young (1024K), 0 survivors (0K)
 Metaspace       used 55307K, committed 55936K, reserved 1114112K
  class space    used 7026K, committed 7296K, reserved 1048576K
}
Event: 8275.553 GC heap after
{Heap after GC invocations=467 (full 450):
 garbage-first heap   total 75776K, used 28783K [0x00000000c0000000, 0x0000000100000000)
  region size 1024K, 0 young (0K), 0 survivors (0K)
 Metaspace       used 55307K, committed 55936K, reserved 1114112K
  class space    used 7026K, committed 7296K, reserved 1048576K
}
Event: 8285.680 GC heap before
{Heap before GC invocations=467 (full 450):
 garbage-first heap   total 75776K, used 28783K [0x00000000c0000000, 0x0000000100000000)
  region size 1024K, 1 young (1024K), 0 survivors (0K)
 Metaspace       used 55307K, committed 55936K, reserved 1114112K
  class space    used 7026K, committed 7296K, reserved 1048576K
}
Event: 8285.702 GC heap after
{Heap after GC invocations=468 (full 451):
 garbage-first heap   total 75776K, used 28783K [0x00000000c0000000, 0x0000000100000000)
  region size 1024K, 0 young (0K), 0 survivors (0K)
 Metaspace       used 55307K, committed 55936K, reserved 1114112K
  class space    used 7026K, committed 7296K, reserved 1048576K
}
Event: 8295.841 GC heap before
{Heap before GC invocations=468 (full 451):
 garbage-first heap   total 75776K, used 28783K [0x00000000c0000000, 0x0000000100000000)
  region size 1024K, 1 young (1024K), 0 survivors (0K)
 Metaspace       used 55307K, committed 55936K, reserved 1114112K
  class space    used 7026K, committed 7296K, reserved 1048576K
}
Event: 8295.869 GC heap after
{Heap after GC invocations=469 (full 452):
 garbage-first heap   total 75776K, used 28783K [0x00000000c0000000, 0x0000000100000000)
  region size 1024K, 0 young (0K), 0 survivors (0K)
 Metaspace       used 55307K, committed 55936K, reserved 1114112K
  class space    used 7026K, committed 7296K, reserved 1048576K
}
Event: 8305.978 GC heap before
{Heap before GC invocations=469 (full 452):
 garbage-first heap   total 75776K, used 28783K [0x00000000c0000000, 0x0000000100000000)
  region size 1024K, 1 young (1024K), 0 survivors (0K)
 Metaspace       used 55307K, committed 55936K, reserved 1114112K
  class space    used 7026K, committed 7296K, reserved 1048576K
}
Event: 8306.001 GC heap after
{Heap after GC invocations=470 (full 453):
 garbage-first heap   total 75776K, used 28783K [0x00000000c0000000, 0x0000000100000000)
  region size 1024K, 0 young (0K), 0 survivors (0K)
 Metaspace       used 55307K, committed 55936K, reserved 1114112K
  class space    used 7026K, committed 7296K, reserved 1048576K
}
Event: 8316.119 GC heap before
{Heap before GC invocations=470 (full 453):
 garbage-first heap   total 75776K, used 28783K [0x00000000c0000000, 0x0000000100000000)
  region size 1024K, 1 young (1024K), 0 survivors (0K)
 Metaspace       used 55307K, committed 55936K, reserved 1114112K
  class space    used 7026K, committed 7296K, reserved 1048576K
}
Event: 8316.150 GC heap after
{Heap after GC invocations=471 (full 454):
 garbage-first heap   total 75776K, used 28783K [0x00000000c0000000, 0x0000000100000000)
  region size 1024K, 0 young (0K), 0 survivors (0K)
 Metaspace       used 55307K, committed 55936K, reserved 1114112K
  class space    used 7026K, committed 7296K, reserved 1048576K
}
Event: 8326.278 GC heap before
{Heap before GC invocations=471 (full 454):
 garbage-first heap   total 75776K, used 28783K [0x00000000c0000000, 0x0000000100000000)
  region size 1024K, 1 young (1024K), 0 survivors (0K)
 Metaspace       used 55307K, committed 55936K, reserved 1114112K
  class space    used 7026K, committed 7296K, reserved 1048576K
}
Event: 8326.307 GC heap after
{Heap after GC invocations=472 (full 455):
 garbage-first heap   total 75776K, used 28783K [0x00000000c0000000, 0x0000000100000000)
  region size 1024K, 0 young (0K), 0 survivors (0K)
 Metaspace       used 55307K, committed 55936K, reserved 1114112K
  class space    used 7026K, committed 7296K, reserved 1048576K
}
Event: 8336.424 GC heap before
{Heap before GC invocations=472 (full 455):
 garbage-first heap   total 75776K, used 28783K [0x00000000c0000000, 0x0000000100000000)
  region size 1024K, 1 young (1024K), 0 survivors (0K)
 Metaspace       used 55307K, committed 55936K, reserved 1114112K
  class space    used 7026K, committed 7296K, reserved 1048576K
}
Event: 8336.445 GC heap after
{Heap after GC invocations=473 (full 456):
 garbage-first heap   total 75776K, used 28783K [0x00000000c0000000, 0x0000000100000000)
  region size 1024K, 0 young (0K), 0 survivors (0K)
 Metaspace       used 55307K, committed 55936K, reserved 1114112K
  class space    used 7026K, committed 7296K, reserved 1048576K
}
Event: 8346.623 GC heap before
{Heap before GC invocations=473 (full 456):
 garbage-first heap   total 75776K, used 28783K [0x00000000c0000000, 0x0000000100000000)
  region size 1024K, 1 young (1024K), 0 survivors (0K)
 Metaspace       used 55307K, committed 55936K, reserved 1114112K
  class space    used 7026K, committed 7296K, reserved 1048576K
}
Event: 8346.652 GC heap after
{Heap after GC invocations=474 (full 457):
 garbage-first heap   total 75776K, used 28783K [0x00000000c0000000, 0x0000000100000000)
  region size 1024K, 0 young (0K), 0 survivors (0K)
 Metaspace       used 55307K, committed 55936K, reserved 1114112K
  class space    used 7026K, committed 7296K, reserved 1048576K
}

