# JRE version: OpenJDK Runtime Environment Temurin-17.0.8.1+1 (17.0.8.1+1) (build 17.0.8.1+1)
# Java VM: OpenJDK 64-Bit Server VM Temurin-17.0.8.1+1 (17.0.8.1+1, mixed mode, tiered, compressed oops, compressed class ptrs, parallel gc, windows-amd64)
GC Precious Log:
 CPUs: 8 total, 8 available
 Memory: 7959M
 Large Page Support: Disabled
 NUMA Support: Disabled
 Compressed Oops: Enabled (32-bit)
 Alignments: Space 512K, Generation 512K, Heap 2M
 Heap Min Capacity: 100M
 Heap Initial Capacity: 100M
 Heap Max Capacity: 1G
 Pre-touch: Disabled
 Parallel Workers: 8
Heap:
 PSYoungGen      total 5120K, used 662K [0x00000000eab00000, 0x00000000eb380000, 0x0000000100000000)
  eden space 4608K, 8% used [0x00000000eab00000,0x00000000eab65888,0x00000000eaf80000)
  from space 512K, 50% used [0x00000000eb280000,0x00000000eb2c0000,0x00000000eb300000)
  to   space 512K, 0% used [0x00000000eb300000,0x00000000eb300000,0x00000000eb380000)
 ParOldGen       total 144384K, used 138729K [0x00000000c0000000, 0x00000000c8d00000, 0x00000000eab00000)
  object space 144384K, 96% used [0x00000000c0000000,0x00000000c877a6e8,0x00000000c8d00000)
 Metaspace       used 78405K, committed 79872K, reserved 1179648K
  class space    used 8272K, committed 8960K, reserved 1048576K
GC Heap History (20 events):
Event: 1312.800 GC heap before
{Heap before GC invocations=177 (full 6):
 PSYoungGen      total 5120K, used 4991K [0x00000000eab00000, 0x00000000eb380000, 0x0000000100000000)
  eden space 4608K, 99% used [0x00000000eab00000,0x00000000eaf7fff8,0x00000000eaf80000)
  from space 512K, 75% used [0x00000000eb280000,0x00000000eb2e0000,0x00000000eb300000)
  to   space 512K, 0% used [0x00000000eb300000,0x00000000eb300000,0x00000000eb380000)
 ParOldGen       total 144384K, used 138385K [0x00000000c0000000, 0x00000000c8d00000, 0x00000000eab00000)
  object space 144384K, 95% used [0x00000000c0000000,0x00000000c87246e8,0x00000000c8d00000)
 Metaspace       used 78332K, committed 79744K, reserved 1179648K
  class space    used 8272K, committed 8960K, reserved 1048576K
}
Event: 1312.801 GC heap after
{Heap after GC invocations=177 (full 6):
 PSYoungGen      total 5120K, used 256K [0x00000000eab00000, 0x00000000eb380000, 0x0000000100000000)
  eden space 4608K, 0% used [0x00000000eab00000,0x00000000eab00000,0x00000000eaf80000)
  from space 512K, 50% used [0x00000000eb300000,0x00000000eb340000,0x00000000eb380000)
  to   space 512K, 0% used [0x00000000eb280000,0x00000000eb280000,0x00000000eb300000)
 ParOldGen       total 144384K, used 138409K [0x00000000c0000000, 0x00000000c8d00000, 0x00000000eab00000)
  object space 144384K, 95% used [0x00000000c0000000,0x00000000c872a6e8,0x00000000c8d00000)
 Metaspace       used 78332K, committed 79744K, reserved 1179648K
  class space    used 8272K, committed 8960K, reserved 1048576K
}
Event: 1315.529 GC heap before
{Heap before GC invocations=178 (full 6):
 PSYoungGen      total 5120K, used 4864K [0x00000000eab00000, 0x00000000eb380000, 0x0000000100000000)
  eden space 4608K, 100% used [0x00000000eab00000,0x00000000eaf80000,0x00000000eaf80000)
  from space 512K, 50% used [0x00000000eb300000,0x00000000eb340000,0x00000000eb380000)
  to   space 512K, 0% used [0x00000000eb280000,0x00000000eb280000,0x00000000eb300000)
 ParOldGen       total 144384K, used 138409K [0x00000000c0000000, 0x00000000c8d00000, 0x00000000eab00000)
  object space 144384K, 95% used [0x00000000c0000000,0x00000000c872a6e8,0x00000000c8d00000)
 Metaspace       used 78333K, committed 79744K, reserved 1179648K
  class space    used 8272K, committed 8960K, reserved 1048576K
}
Event: 1315.530 GC heap after
{Heap after GC invocations=178 (full 6):
 PSYoungGen      total 5120K, used 256K [0x00000000eab00000, 0x00000000eb380000, 0x0000000100000000)
  eden space 4608K, 0% used [0x00000000eab00000,0x00000000eab00000,0x00000000eaf80000)
  from space 512K, 50% used [0x00000000eb280000,0x00000000eb2c0000,0x00000000eb300000)
  to   space 512K, 0% used [0x00000000eb300000,0x00000000eb300000,0x00000000eb380000)
 ParOldGen       total 144384K, used 138457K [0x00000000c0000000, 0x00000000c8d00000, 0x00000000eab00000)
  object space 144384K, 95% used [0x00000000c0000000,0x00000000c87366e8,0x00000000c8d00000)
 Metaspace       used 78333K, committed 79744K, reserved 1179648K
  class space    used 8272K, committed 8960K, reserved 1048576K
}
Event: 1315.600 GC heap before
{Heap before GC invocations=179 (full 6):
 PSYoungGen      total 5120K, used 4864K [0x00000000eab00000, 0x00000000eb380000, 0x0000000100000000)
  eden space 4608K, 100% used [0x00000000eab00000,0x00000000eaf80000,0x00000000eaf80000)
  from space 512K, 50% used [0x00000000eb280000,0x00000000eb2c0000,0x00000000eb300000)
  to   space 512K, 0% used [0x00000000eb300000,0x00000000eb300000,0x00000000eb380000)
 ParOldGen       total 144384K, used 138457K [0x00000000c0000000, 0x00000000c8d00000, 0x00000000eab00000)
  object space 144384K, 95% used [0x00000000c0000000,0x00000000c87366e8,0x00000000c8d00000)
 Metaspace       used 78334K, committed 79744K, reserved 1179648K
  class space    used 8272K, committed 8960K, reserved 1048576K
}
Event: 1315.601 GC heap after
{Heap after GC invocations=179 (full 6):
 PSYoungGen      total 5120K, used 320K [0x00000000eab00000, 0x00000000eb380000, 0x0000000100000000)
  eden space 4608K, 0% used [0x00000000eab00000,0x00000000eab00000,0x00000000eaf80000)
  from space 512K, 62% used [0x00000000eb300000,0x00000000eb350000,0x00000000eb380000)
  to   space 512K, 0% used [0x00000000eb280000,0x00000000eb280000,0x00000000eb300000)
 ParOldGen       total 144384K, used 138497K [0x00000000c0000000, 0x00000000c8d00000, 0x00000000eab00000)
  object space 144384K, 95% used [0x00000000c0000000,0x00000000c87406e8,0x00000000c8d00000)
 Metaspace       used 78334K, committed 79744K, reserved 1179648K
  class space    used 8272K, committed 8960K, reserved 1048576K
}
Event: 1323.992 GC heap before
{Heap before GC invocations=180 (full 6):
 PSYoungGen      total 5120K, used 4927K [0x00000000eab00000, 0x00000000eb380000, 0x0000000100000000)
  eden space 4608K, 99% used [0x00000000eab00000,0x00000000eaf7ffc8,0x00000000eaf80000)
  from space 512K, 62% used [0x00000000eb300000,0x00000000eb350000,0x00000000eb380000)
  to   space 512K, 0% used [0x00000000eb280000,0x00000000eb280000,0x00000000eb300000)
 ParOldGen       total 144384K, used 138497K [0x00000000c0000000, 0x00000000c8d00000, 0x00000000eab00000)
  object space 144384K, 95% used [0x00000000c0000000,0x00000000c87406e8,0x00000000c8d00000)
 Metaspace       used 78341K, committed 79808K, reserved 1179648K
  class space    used 8272K, committed 8960K, reserved 1048576K
}
Event: 1323.993 GC heap after
{Heap after GC invocations=180 (full 6):
 PSYoungGen      total 5120K, used 288K [0x00000000eab00000, 0x00000000eb380000, 0x0000000100000000)
  eden space 4608K, 0% used [0x00000000eab00000,0x00000000eab00000,0x00000000eaf80000)
  from space 512K, 56% used [0x00000000eb280000,0x00000000eb2c8000,0x00000000eb300000)
  to   space 512K, 0% used [0x00000000eb300000,0x00000000eb300000,0x00000000eb380000)
 ParOldGen       total 144384K, used 138513K [0x00000000c0000000, 0x00000000c8d00000, 0x00000000eab00000)
  object space 144384K, 95% used [0x00000000c0000000,0x00000000c87446e8,0x00000000c8d00000)
 Metaspace       used 78341K, committed 79808K, reserved 1179648K
  class space    used 8272K, committed 8960K, reserved 1048576K
}
Event: 1334.008 GC heap before
{Heap before GC invocations=181 (full 6):
 PSYoungGen      total 5120K, used 4896K [0x00000000eab00000, 0x00000000eb380000, 0x0000000100000000)
  eden space 4608K, 100% used [0x00000000eab00000,0x00000000eaf80000,0x00000000eaf80000)
  from space 512K, 56% used [0x00000000eb280000,0x00000000eb2c8000,0x00000000eb300000)
  to   space 512K, 0% used [0x00000000eb300000,0x00000000eb300000,0x00000000eb380000)
 ParOldGen       total 144384K, used 138513K [0x00000000c0000000, 0x00000000c8d00000, 0x00000000eab00000)
  object space 144384K, 95% used [0x00000000c0000000,0x00000000c87446e8,0x00000000c8d00000)
 Metaspace       used 78347K, committed 79872K, reserved 1179648K
  class space    used 8272K, committed 8960K, reserved 1048576K
}
Event: 1334.009 GC heap after
{Heap after GC invocations=181 (full 6):
 PSYoungGen      total 5120K, used 320K [0x00000000eab00000, 0x00000000eb380000, 0x0000000100000000)
  eden space 4608K, 0% used [0x00000000eab00000,0x00000000eab00000,0x00000000eaf80000)
  from space 512K, 62% used [0x00000000eb300000,0x00000000eb350000,0x00000000eb380000)
  to   space 512K, 0% used [0x00000000eb280000,0x00000000eb280000,0x00000000eb300000)
 ParOldGen       total 144384K, used 138537K [0x00000000c0000000, 0x00000000c8d00000, 0x00000000eab00000)
  object space 144384K, 95% used [0x00000000c0000000,0x00000000c874a6e8,0x00000000c8d00000)
 Metaspace       used 78347K, committed 79872K, reserved 1179648K
  class space    used 8272K, committed 8960K, reserved 1048576K
}
Event: 1338.054 GC heap before
{Heap before GC invocations=182 (full 6):
 PSYoungGen      total 5120K, used 4928K [0x00000000eab00000, 0x00000000eb380000, 0x0000000100000000)
  eden space 4608K, 100% used [0x00000000eab00000,0x00000000eaf80000,0x00000000eaf80000)
  from space 512K, 62% used [0x00000000eb300000,0x00000000eb350000,0x00000000eb380000)
  to   space 512K, 0% used [0x00000000eb280000,0x00000000eb280000,0x00000000eb300000)
 ParOldGen       total 144384K, used 138537K [0x00000000c0000000, 0x00000000c8d00000, 0x00000000eab00000)
  object space 144384K, 95% used [0x00000000c0000000,0x00000000c874a6e8,0x00000000c8d00000)
 Metaspace       used 78351K, committed 79872K, reserved 1179648K
  class space    used 8272K, committed 8960K, reserved 1048576K
}
Event: 1338.055 GC heap after
{Heap after GC invocations=182 (full 6):
 PSYoungGen      total 5120K, used 288K [0x00000000eab00000, 0x00000000eb380000, 0x0000000100000000)
  eden space 4608K, 0% used [0x00000000eab00000,0x00000000eab00000,0x00000000eaf80000)
  from space 512K, 56% used [0x00000000eb280000,0x00000000eb2c8000,0x00000000eb300000)
  to   space 512K, 0% used [0x00000000eb300000,0x00000000eb300000,0x00000000eb380000)
 ParOldGen       total 144384K, used 138585K [0x00000000c0000000, 0x00000000c8d00000, 0x00000000eab00000)
  object space 144384K, 95% used [0x00000000c0000000,0x00000000c87566e8,0x00000000c8d00000)
 Metaspace       used 78351K, committed 79872K, reserved 1179648K
  class space    used 8272K, committed 8960K, reserved 1048576K
}
Event: 1341.604 GC heap before
{Heap before GC invocations=183 (full 6):
 PSYoungGen      total 5120K, used 4896K [0x00000000eab00000, 0x00000000eb380000, 0x0000000100000000)
  eden space 4608K, 100% used [0x00000000eab00000,0x00000000eaf80000,0x00000000eaf80000)
  from space 512K, 56% used [0x00000000eb280000,0x00000000eb2c8000,0x00000000eb300000)
  to   space 512K, 0% used [0x00000000eb300000,0x00000000eb300000,0x00000000eb380000)
 ParOldGen       total 144384K, used 138585K [0x00000000c0000000, 0x00000000c8d00000, 0x00000000eab00000)
  object space 144384K, 95% used [0x00000000c0000000,0x00000000c87566e8,0x00000000c8d00000)
 Metaspace       used 78357K, committed 79872K, reserved 1179648K
  class space    used 8272K, committed 8960K, reserved 1048576K
}
Event: 1341.605 GC heap after
{Heap after GC invocations=183 (full 6):
 PSYoungGen      total 5120K, used 352K [0x00000000eab00000, 0x00000000eb380000, 0x0000000100000000)
  eden space 4608K, 0% used [0x00000000eab00000,0x00000000eab00000,0x00000000eaf80000)
  from space 512K, 68% used [0x00000000eb300000,0x00000000eb358000,0x00000000eb380000)
  to   space 512K, 0% used [0x00000000eb280000,0x00000000eb280000,0x00000000eb300000)
 ParOldGen       total 144384K, used 138617K [0x00000000c0000000, 0x00000000c8d00000, 0x00000000eab00000)
  object space 144384K, 96% used [0x00000000c0000000,0x00000000c875e6e8,0x00000000c8d00000)
 Metaspace       used 78357K, committed 79872K, reserved 1179648K
  class space    used 8272K, committed 8960K, reserved 1048576K
}
Event: 1342.882 GC heap before
{Heap before GC invocations=184 (full 6):
 PSYoungGen      total 5120K, used 4959K [0x00000000eab00000, 0x00000000eb380000, 0x0000000100000000)
  eden space 4608K, 99% used [0x00000000eab00000,0x00000000eaf7ff38,0x00000000eaf80000)
  from space 512K, 68% used [0x00000000eb300000,0x00000000eb358000,0x00000000eb380000)
  to   space 512K, 0% used [0x00000000eb280000,0x00000000eb280000,0x00000000eb300000)
 ParOldGen       total 144384K, used 138617K [0x00000000c0000000, 0x00000000c8d00000, 0x00000000eab00000)
  object space 144384K, 96% used [0x00000000c0000000,0x00000000c875e6e8,0x00000000c8d00000)
 Metaspace       used 78365K, committed 79872K, reserved 1179648K
  class space    used 8272K, committed 8960K, reserved 1048576K
}
Event: 1342.883 GC heap after
{Heap after GC invocations=184 (full 6):
 PSYoungGen      total 5120K, used 288K [0x00000000eab00000, 0x00000000eb380000, 0x0000000100000000)
  eden space 4608K, 0% used [0x00000000eab00000,0x00000000eab00000,0x00000000eaf80000)
  from space 512K, 56% used [0x00000000eb280000,0x00000000eb2c8000,0x00000000eb300000)
  to   space 512K, 0% used [0x00000000eb300000,0x00000000eb300000,0x00000000eb380000)
 ParOldGen       total 144384K, used 138633K [0x00000000c0000000, 0x00000000c8d00000, 0x00000000eab00000)
  object space 144384K, 96% used [0x00000000c0000000,0x00000000c87626e8,0x00000000c8d00000)
 Metaspace       used 78365K, committed 79872K, reserved 1179648K
  class space    used 8272K, committed 8960K, reserved 1048576K
}
Event: 1344.821 GC heap before
{Heap before GC invocations=185 (full 6):
 PSYoungGen      total 5120K, used 4896K [0x00000000eab00000, 0x00000000eb380000, 0x0000000100000000)
  eden space 4608K, 100% used [0x00000000eab00000,0x00000000eaf80000,0x00000000eaf80000)
  from space 512K, 56% used [0x00000000eb280000,0x00000000eb2c8000,0x00000000eb300000)
  to   space 512K, 0% used [0x00000000eb300000,0x00000000eb300000,0x00000000eb380000)
 ParOldGen       total 144384K, used 138633K [0x00000000c0000000, 0x00000000c8d00000, 0x00000000eab00000)
  object space 144384K, 96% used [0x00000000c0000000,0x00000000c87626e8,0x00000000c8d00000)
 Metaspace       used 78381K, committed 79872K, reserved 1179648K
  class space    used 8272K, committed 8960K, reserved 1048576K
}
Event: 1344.822 GC heap after
{Heap after GC invocations=185 (full 6):
 PSYoungGen      total 5120K, used 256K [0x00000000eab00000, 0x00000000eb380000, 0x0000000100000000)
  eden space 4608K, 0% used [0x00000000eab00000,0x00000000eab00000,0x00000000eaf80000)
  from space 512K, 50% used [0x00000000eb300000,0x00000000eb340000,0x00000000eb380000)
  to   space 512K, 0% used [0x00000000eb280000,0x00000000eb280000,0x00000000eb300000)
 ParOldGen       total 144384K, used 138673K [0x00000000c0000000, 0x00000000c8d00000, 0x00000000eab00000)
  object space 144384K, 96% used [0x00000000c0000000,0x00000000c876c6e8,0x00000000c8d00000)
 Metaspace       used 78381K, committed 79872K, reserved 1179648K
  class space    used 8272K, committed 8960K, reserved 1048576K
}
Event: 1352.961 GC heap before
{Heap before GC invocations=186 (full 6):
 PSYoungGen      total 5120K, used 4864K [0x00000000eab00000, 0x00000000eb380000, 0x0000000100000000)
  eden space 4608K, 100% used [0x00000000eab00000,0x00000000eaf80000,0x00000000eaf80000)
  from space 512K, 50% used [0x00000000eb300000,0x00000000eb340000,0x00000000eb380000)
  to   space 512K, 0% used [0x00000000eb280000,0x00000000eb280000,0x00000000eb300000)
 ParOldGen       total 144384K, used 138673K [0x00000000c0000000, 0x00000000c8d00000, 0x00000000eab00000)
  object space 144384K, 96% used [0x00000000c0000000,0x00000000c876c6e8,0x00000000c8d00000)
 Metaspace       used 78400K, committed 79872K, reserved 1179648K
  class space    used 8272K, committed 8960K, reserved 1048576K
}
Event: 1352.962 GC heap after
{Heap after GC invocations=186 (full 6):
 PSYoungGen      total 5120K, used 256K [0x00000000eab00000, 0x00000000eb380000, 0x0000000100000000)
  eden space 4608K, 0% used [0x00000000eab00000,0x00000000eab00000,0x00000000eaf80000)
  from space 512K, 50% used [0x00000000eb280000,0x00000000eb2c0000,0x00000000eb300000)
  to   space 512K, 0% used [0x00000000eb300000,0x00000000eb300000,0x00000000eb380000)
 ParOldGen       total 144384K, used 138729K [0x00000000c0000000, 0x00000000c8d00000, 0x00000000eab00000)
  object space 144384K, 96% used [0x00000000c0000000,0x00000000c877a6e8,0x00000000c8d00000)
 Metaspace       used 78400K, committed 79872K, reserved 1179648K
  class space    used 8272K, committed 8960K, reserved 1048576K
}

