# JRE version: OpenJDK Runtime Environment Temurin-17.0.7+7 (17.0.7+7) (build 17.0.7+7)
# Java VM: OpenJDK 64-Bit Server VM Temurin-17.0.7+7 (17.0.7+7, mixed mode, emulated-client, tiered, compressed oops, compressed class ptrs, g1 gc, windows-amd64)
GC Precious Log:
 CPUs: 8 total, 8 available
 Memory: 7959M
 Large Page Support: Disabled
 NUMA Support: Disabled
 Compressed Oops: Enabled (32-bit)
 Heap Region Size: 1M
 Heap Min Capacity: 8M
 Heap Initial Capacity: 126M
 Heap Max Capacity: 1G
 Pre-touch: Disabled
 Parallel Workers: 8
 Concurrent Workers: 2
 Concurrent Refinement Workers: 8
 Periodic GC: Disabled
Heap:
 garbage-first heap   total 602112K, used 199324K [0x00000000c0000000, 0x0000000100000000)
  region size 1024K, 40 young (40960K), 40 survivors (40960K)
 Metaspace       used 75414K, committed 75904K, reserved 1179648K
  class space    used 10351K, committed 10560K, reserved 1048576K
GC Heap History (20 events):
Event: 101716.363 GC heap after
{Heap after GC invocations=1969 (full 1858):
 garbage-first heap   total 276480K, used 111860K [0x00000000c0000000, 0x0000000100000000)
  region size 1024K, 5 young (5120K), 5 survivors (5120K)
 Metaspace       used 75412K, committed 75904K, reserved 1179648K
  class space    used 10351K, committed 10560K, reserved 1048576K
}
Event: 101716.404 GC heap before
{Heap before GC invocations=1969 (full 1858):
 garbage-first heap   total 304128K, used 210850K [0x00000000c0000000, 0x0000000100000000)
  region size 1024K, 106 young (108544K), 5 survivors (5120K)
 Metaspace       used 75412K, committed 75904K, reserved 1179648K
  class space    used 10351K, committed 10560K, reserved 1048576K
}
Event: 101716.407 GC heap after
{Heap after GC invocations=1970 (full 1858):
 garbage-first heap   total 304128K, used 112161K [0x00000000c0000000, 0x0000000100000000)
  region size 1024K, 9 young (9216K), 9 survivors (9216K)
 Metaspace       used 75412K, committed 75904K, reserved 1179648K
  class space    used 10351K, committed 10560K, reserved 1048576K
}
Event: 101716.568 GC heap before
{Heap before GC invocations=1971 (full 1858):
 garbage-first heap   total 304128K, used 241185K [0x00000000c0000000, 0x0000000100000000)
  region size 1024K, 135 young (138240K), 9 survivors (9216K)
 Metaspace       used 75414K, committed 75904K, reserved 1179648K
  class space    used 10351K, committed 10560K, reserved 1048576K
}
Event: 101716.587 GC heap after
{Heap after GC invocations=1972 (full 1858):
 garbage-first heap   total 304128K, used 126563K [0x00000000c0000000, 0x0000000100000000)
  region size 1024K, 17 young (17408K), 17 survivors (17408K)
 Metaspace       used 75414K, committed 75904K, reserved 1179648K
  class space    used 10351K, committed 10560K, reserved 1048576K
}
Event: 101716.588 GC heap before
{Heap before GC invocations=1972 (full 1858):
 garbage-first heap   total 304128K, used 128611K [0x00000000c0000000, 0x0000000100000000)
  region size 1024K, 20 young (20480K), 17 survivors (17408K)
 Metaspace       used 75414K, committed 75904K, reserved 1179648K
  class space    used 10351K, committed 10560K, reserved 1048576K
}
Event: 101716.599 GC heap after
{Heap after GC invocations=1973 (full 1858):
 garbage-first heap   total 304128K, used 119819K [0x00000000c0000000, 0x0000000100000000)
  region size 1024K, 3 young (3072K), 3 survivors (3072K)
 Metaspace       used 75414K, committed 75904K, reserved 1179648K
  class space    used 10351K, committed 10560K, reserved 1048576K
}
Event: 101716.636 GC heap before
{Heap before GC invocations=1973 (full 1858):
 garbage-first heap   total 304128K, used 229387K [0x00000000c0000000, 0x0000000100000000)
  region size 1024K, 111 young (113664K), 3 survivors (3072K)
 Metaspace       used 75414K, committed 75904K, reserved 1179648K
  class space    used 10351K, committed 10560K, reserved 1048576K
}
Event: 101716.639 GC heap after
{Heap after GC invocations=1974 (full 1858):
 garbage-first heap   total 304128K, used 123131K [0x00000000c0000000, 0x0000000100000000)
  region size 1024K, 6 young (6144K), 6 survivors (6144K)
 Metaspace       used 75414K, committed 75904K, reserved 1179648K
  class space    used 10351K, committed 10560K, reserved 1048576K
}
Event: 101716.678 GC heap before
{Heap before GC invocations=1974 (full 1858):
 garbage-first heap   total 304128K, used 235771K [0x00000000c0000000, 0x0000000100000000)
  region size 1024K, 117 young (119808K), 6 survivors (6144K)
 Metaspace       used 75414K, committed 75904K, reserved 1179648K
  class space    used 10351K, committed 10560K, reserved 1048576K
}
Event: 101716.685 GC heap after
{Heap after GC invocations=1975 (full 1858):
 garbage-first heap   total 602112K, used 128136K [0x00000000c0000000, 0x0000000100000000)
  region size 1024K, 11 young (11264K), 11 survivors (11264K)
 Metaspace       used 75414K, committed 75904K, reserved 1179648K
  class space    used 10351K, committed 10560K, reserved 1048576K
}
Event: 101716.818 GC heap before
{Heap before GC invocations=1975 (full 1858):
 garbage-first heap   total 602112K, used 452744K [0x00000000c0000000, 0x0000000100000000)
  region size 1024K, 329 young (336896K), 11 survivors (11264K)
 Metaspace       used 75414K, committed 75904K, reserved 1179648K
  class space    used 10351K, committed 10560K, reserved 1048576K
}
Event: 101716.830 GC heap after
{Heap after GC invocations=1976 (full 1858):
 garbage-first heap   total 602112K, used 143875K [0x00000000c0000000, 0x0000000100000000)
  region size 1024K, 27 young (27648K), 27 survivors (27648K)
 Metaspace       used 75414K, committed 75904K, reserved 1179648K
  class space    used 10351K, committed 10560K, reserved 1048576K
}
Event: 101716.942 GC heap before
{Heap before GC invocations=1976 (full 1858):
 garbage-first heap   total 602112K, used 464387K [0x00000000c0000000, 0x0000000100000000)
  region size 1024K, 341 young (349184K), 27 survivors (27648K)
 Metaspace       used 75414K, committed 75904K, reserved 1179648K
  class space    used 10351K, committed 10560K, reserved 1048576K
}
Event: 101716.960 GC heap after
{Heap after GC invocations=1977 (full 1858):
 garbage-first heap   total 602112K, used 160105K [0x00000000c0000000, 0x0000000100000000)
  region size 1024K, 37 young (37888K), 37 survivors (37888K)
 Metaspace       used 75414K, committed 75904K, reserved 1179648K
  class space    used 10351K, committed 10560K, reserved 1048576K
}
Event: 101717.084 GC heap before
{Heap before GC invocations=1978 (full 1858):
 garbage-first heap   total 602112K, used 466281K [0x00000000c0000000, 0x0000000100000000)
  region size 1024K, 345 young (353280K), 37 survivors (37888K)
 Metaspace       used 75414K, committed 75904K, reserved 1179648K
  class space    used 10351K, committed 10560K, reserved 1048576K
}
Event: 101717.106 GC heap after
{Heap after GC invocations=1979 (full 1858):
 garbage-first heap   total 602112K, used 168500K [0x00000000c0000000, 0x0000000100000000)
  region size 1024K, 33 young (33792K), 33 survivors (33792K)
 Metaspace       used 75414K, committed 75904K, reserved 1179648K
  class space    used 10351K, committed 10560K, reserved 1048576K
}
Event: 101717.108 GC heap before
{Heap before GC invocations=1979 (full 1858):
 garbage-first heap   total 602112K, used 170548K [0x00000000c0000000, 0x0000000100000000)
  region size 1024K, 36 young (36864K), 33 survivors (33792K)
 Metaspace       used 75414K, committed 75904K, reserved 1179648K
  class space    used 10351K, committed 10560K, reserved 1048576K
}
Event: 101717.121 GC heap after
{Heap after GC invocations=1980 (full 1858):
 garbage-first heap   total 602112K, used 160001K [0x00000000c0000000, 0x0000000100000000)
  region size 1024K, 4 young (4096K), 4 survivors (4096K)
 Metaspace       used 75414K, committed 75904K, reserved 1179648K
  class space    used 10351K, committed 10560K, reserved 1048576K
}
Event: 101717.928 GC heap before
{Heap before GC invocations=1980 (full 1858):
 garbage-first heap   total 602112K, used 482561K [0x00000000c0000000, 0x0000000100000000)
  region size 1024K, 316 young (323584K), 4 survivors (4096K)
 Metaspace       used 75414K, committed 75904K, reserved 1179648K
  class space    used 10351K, committed 10560K, reserved 1048576K
}

